<?xml version="1.0" encoding="UTF-8"?>
<testng-results ignored="0" total="1" passed="1" failed="0" skipped="0">
  <reporter-output>
  </reporter-output>
  <suite started-at="2024-06-09T15:30:45 IST" name="Surefire suite" finished-at="2024-06-09T15:31:01 IST" duration-ms="15979">
    <groups>
    </groups>
    <test started-at="2024-06-09T15:30:45 IST" name="Surefire test" finished-at="2024-06-09T15:31:01 IST" duration-ms="15979">
      <class name="com.amazon.HomePageTest">
        <test-method signature="goToHomePageTest()[pri:0, instance:com.amazon.HomePageTest@709ba3fb]" started-at="2024-06-09T15:30:45 IST" name="goToHomePageTest" finished-at="2024-06-09T15:31:01 IST" duration-ms="15915" status="PASS">
          <reporter-output>
          </reporter-output>
        </test-method> <!-- goToHomePageTest -->
      </class> <!-- com.amazon.HomePageTest -->
    </test> <!-- Surefire test -->
  </suite> <!-- Surefire suite -->
</testng-results>
